  implementations.cpp
C:\Users\USER\source\repos\Yahtzee\Yahtzee\implementations.cpp(53,23): warning C4018: '<=': signed/unsigned mismatch
C:\Users\USER\source\repos\Yahtzee\Yahtzee\implementations.cpp(194,31): warning C4018: '<': signed/unsigned mismatch
C:\Users\USER\source\repos\Yahtzee\Yahtzee\implementations.cpp(220,31): warning C4018: '<': signed/unsigned mismatch
C:\Users\USER\source\repos\Yahtzee\Yahtzee\implementations.cpp(455,23): warning C4018: '<=': signed/unsigned mismatch
C:\Users\USER\source\repos\Yahtzee\Yahtzee\implementations.cpp(472,13): error C2027: use of undefined type 'Dices'
C:\Users\USER\source\repos\Yahtzee\Yahtzee\prototypes.h(25): message : see declaration of 'Dices'
C:\Users\USER\source\repos\Yahtzee\Yahtzee\implementations.cpp(477,13): error C2027: use of undefined type 'Dices'
C:\Users\USER\source\repos\Yahtzee\Yahtzee\prototypes.h(25): message : see declaration of 'Dices'
C:\Users\USER\source\repos\Yahtzee\Yahtzee\implementations.cpp(480,13): error C2027: use of undefined type 'Dices'
C:\Users\USER\source\repos\Yahtzee\Yahtzee\prototypes.h(25): message : see declaration of 'Dices'
C:\Users\USER\source\repos\Yahtzee\Yahtzee\implementations.cpp(483,12): warning C4473: 'printf' : not enough arguments passed for format string
C:\Users\USER\source\repos\Yahtzee\Yahtzee\implementations.cpp(483,12): message : placeholders and their parameters expect 1 variadic arguments, but 0 were provided
C:\Users\USER\source\repos\Yahtzee\Yahtzee\implementations.cpp(483,12): message : the missing variadic argument 1 is required by format string '%d'
C:\Users\USER\source\repos\Yahtzee\Yahtzee\implementations.cpp(484,52): error C2660: 'printDiceTable': function does not take 2 arguments
C:\Users\USER\source\repos\Yahtzee\Yahtzee\implementations.cpp(75,6): message : see declaration of 'printDiceTable'
C:\Users\USER\source\repos\Yahtzee\Yahtzee\implementations.cpp(498,23): warning C4018: '<': signed/unsigned mismatch
  main.cpp
C:\Users\USER\source\repos\Yahtzee\Yahtzee\main.cpp(7,15): warning C4244: 'argument': conversion from 'time_t' to 'unsigned int', possible loss of data
C:\Users\USER\source\repos\Yahtzee\Yahtzee\main.cpp(57,55): error C2664: 'void rolldice(Dices *,int,int)': cannot convert argument 1 from 'main::Dices' to 'Dices *'
C:\Users\USER\source\repos\Yahtzee\Yahtzee\main.cpp(57,22): message : No user-defined-conversion operator available that can perform this conversion, or the operator cannot be called
C:\Users\USER\source\repos\Yahtzee\Yahtzee\prototypes.h(25,6): message : see declaration of 'rolldice'
  Generating Code...
